빌드 시작: 2016-10-25 오후 9:31:29
     1>2 노드의 "c:\Users\minkyo\documents\visual studio 2010\Projects\12131597 정민교 1차\12131597 정민교 1차\12131597 정민교 1차.vcxproj" 프로젝트(build 대상)입니다.
     1>PrepareForBuild:
         "c:\users\minkyo\documents\visual studio 2010\Projects\12131597 정민교 1차\Debug\" 디렉터리를 만들고 있습니다.
       InitializeBuildStatus:
         "AlwaysCreate"이(가) 지정되었기 때문에 "Debug\12131597 정민교 1차.unsuccessfulbuild"을(를) 만들고 있습니다.
       ClCompile:
         C:\Program Files\Microsoft Visual Studio 10.0\VC\bin\CL.exe /c /ZI /nologo /W3 /WX- /Od /Oy- /D WIN32 /D _DEBUG /D _CONSOLE /D _UNICODE /D UNICODE /Gm /EHsc /RTC1 /MDd /GS /fp:precise /Zc:wchar_t /Zc:forScope /Fo"Debug\\" /Fd"Debug\vc100.pdb" /Gd /TP /analyze- /errorReport:prompt "data_structure project.cpp"
         data_structure project.cpp
       ManifestResourceCompile:
         C:\Program Files\Microsoft SDKs\Windows\v7.0A\bin\rc.exe /nologo /fo"Debug\12131597 정민교 1차.exe.embed.manifest.res" "Debug\12131597 정민교 1차_manifest.rc" 
       Link:
         C:\Program Files\Microsoft Visual Studio 10.0\VC\bin\link.exe /ERRORREPORT:PROMPT /OUT:"c:\users\minkyo\documents\visual studio 2010\Projects\12131597 정민교 1차\Debug\12131597 정민교 1차.exe" /INCREMENTAL /NOLOGO kernel32.lib user32.lib gdi32.lib winspool.lib comdlg32.lib advapi32.lib shell32.lib ole32.lib oleaut32.lib uuid.lib odbc32.lib odbccp32.lib /MANIFEST /ManifestFile:"Debug\12131597 정민교 1차.exe.intermediate.manifest" /MANIFESTUAC:"level='asInvoker' uiAccess='false'" /DEBUG /PDB:"c:\users\minkyo\documents\visual studio 2010\Projects\12131597 정민교 1차\Debug\12131597 정민교 1차.pdb" /SUBSYSTEM:CONSOLE /TLBID:1 /DYNAMICBASE /NXCOMPAT /IMPLIB:"c:\users\minkyo\documents\visual studio 2010\Projects\12131597 정민교 1차\Debug\12131597 정민교 1차.lib" /MACHINE:X86 "Debug\12131597 정민교 1차.exe.embed.manifest.res"
         "Debug\data_structure project.obj"
       Manifest:
         C:\Program Files\Microsoft SDKs\Windows\v7.0A\bin\mt.exe /nologo /verbose /out:"Debug\12131597 정민교 1차.exe.embed.manifest" /manifest "Debug\12131597 정민교 1차.exe.intermediate.manifest"
         C:\Program Files\Microsoft SDKs\Windows\v7.0A\bin\rc.exe /nologo /fo"Debug\12131597 정민교 1차.exe.embed.manifest.res" "Debug\12131597 정민교 1차_manifest.rc" 
       LinkEmbedManifest:
         C:\Program Files\Microsoft Visual Studio 10.0\VC\bin\link.exe /ERRORREPORT:PROMPT /OUT:"c:\users\minkyo\documents\visual studio 2010\Projects\12131597 정민교 1차\Debug\12131597 정민교 1차.exe" /INCREMENTAL /NOLOGO kernel32.lib user32.lib gdi32.lib winspool.lib comdlg32.lib advapi32.lib shell32.lib ole32.lib oleaut32.lib uuid.lib odbc32.lib odbccp32.lib /MANIFEST /ManifestFile:"Debug\12131597 정민교 1차.exe.intermediate.manifest" /MANIFESTUAC:"level='asInvoker' uiAccess='false'" /DEBUG /PDB:"c:\users\minkyo\documents\visual studio 2010\Projects\12131597 정민교 1차\Debug\12131597 정민교 1차.pdb" /SUBSYSTEM:CONSOLE /TLBID:1 /DYNAMICBASE /NXCOMPAT /IMPLIB:"c:\users\minkyo\documents\visual studio 2010\Projects\12131597 정민교 1차\Debug\12131597 정민교 1차.lib" /MACHINE:X86 "Debug\12131597 정민교 1차.exe.embed.manifest.res"
         "Debug\data_structure project.obj"
         12131597 정민교 1차.vcxproj -> c:\users\minkyo\documents\visual studio 2010\Projects\12131597 정민교 1차\Debug\12131597 정민교 1차.exe
       FinalizeBuildStatus:
         "Debug\12131597 정민교 1차.unsuccessfulbuild" 파일을 삭제하고 있습니다.
         "Debug\12131597 정민교 1차.lastbuildstate"에 연결(touching)하고 있습니다.
     1>"c:\Users\minkyo\documents\visual studio 2010\Projects\12131597 정민교 1차\12131597 정민교 1차\12131597 정민교 1차.vcxproj" 프로젝트를 빌드했습니다(build 대상).

빌드했습니다.

경과 시간: 00:00:06.40
